time="2021-05-11T20:29:07+08:00" level=info HostName=baijinxuandeMacBook-Pro.local Ip="::1" Method=GET Path=/api/v1/category status=200
time="2021-05-11T20:29:07+08:00" level=info HostName=baijinxuandeMacBook-Pro.local Ip="::1" Method=GET Path="/api/v1/articles?pagesize=5&pagenum=1" status=200
time="2021-05-11T20:29:09+08:00" level=info HostName=baijinxuandeMacBook-Pro.local Ip="::1" Method=GET Path=/api/v1/article/info/7 status=200
time="2021-05-11T20:29:10+08:00" level=info HostName=baijinxuandeMacBook-Pro.local Ip="::1" Method=GET Path="/api/v1/articles?pagesize=5&pagenum=1" status=200
time="2021-05-11T20:29:11+08:00" level=info HostName=baijinxuandeMacBook-Pro.local Ip="::1" Method=GET Path=/api/v1/article/info/2 status=200
time="2021-05-11T20:29:12+08:00" level=info HostName=baijinxuandeMacBook-Pro.local Ip="::1" Method=GET Path="/api/v1/articles?pagesize=5&pagenum=1" status=200
time="2021-05-11T20:29:13+08:00" level=info HostName=baijinxuandeMacBook-Pro.local Ip="::1" Method=GET Path=/api/v1/article/info/8 status=200
time="2021-05-11T20:29:14+08:00" level=info HostName=baijinxuandeMacBook-Pro.local Ip="::1" Method=GET Path="/api/v1/articles?pagesize=5&pagenum=1" status=200
time="2021-05-11T20:29:16+08:00" level=info HostName=baijinxuandeMacBook-Pro.local Ip="::1" Method=GET Path=/api/v1/article/info/7 status=200
time="2021-05-11T20:29:17+08:00" level=info HostName=baijinxuandeMacBook-Pro.local Ip="::1" Method=GET Path="/api/v1/articles?pagesize=5&pagenum=1" status=200
time="2021-05-11T20:34:48+08:00" level=info HostName=baijinxuandeMacBook-Pro.local Ip="::1" Method=GET Path=/api/v1/article/info/7 status=200
time="2021-05-11T20:34:49+08:00" level=info HostName=baijinxuandeMacBook-Pro.local Ip="::1" Method=GET Path="/api/v1/articles?pagesize=5&pagenum=1" status=200
time="2021-05-11T20:47:59+08:00" level=info HostName=baijinxuandeMacBook-Pro.local Ip="::1" Method=GET Path=/api/v1/article/info/2 status=200
time="2021-05-11T20:48:00+08:00" level=info HostName=baijinxuandeMacBook-Pro.local Ip="::1" Method=GET Path="/api/v1/articles?pagesize=5&pagenum=1" status=200
atus=200
time="2021-05-09T13:04:31+08:00" level=info HostName=baijinxuandeMacBook-Pro.local Ip="::1" Method=GET Path=/bai/static/js/app.bdde9ecc.js status=200
time="2021-05-09T13:04:31+08:00" level=info HostName=baijinxuandeMacBook-Pro.local Ip="::1" Method=GET Path=/bai/static/css/chunk-vendors.85bfc3dc.css status=200
time="2021-05-09T13:04:31+08:00" level=info HostName=baijinxuandeMacBook-Pro.local Ip="::1" Method=GET Path=/bai/static/js/chunk-vendors.f43bb743.js status=200
time="2021-05-09T13:04:31+08:00" level=info HostName=baijinxuandeMacBook-Pro.local Ip="::1" Method=GET Path=/bai/static/js/chunk-vendors.f43bb743.js.map status=200
time="2021-05-09T13:04:31+08:00" level=info HostName=baijinxuandeMacBook-Pro.local Ip="::1" Method=GET Path=/bai/static/js/app.bdde9ecc.js.map status=200
time="2021-05-09T13:04:32+08:00" level=info HostName=baijinxuandeMacBook-Pro.local Ip="::1" Method=GET Path=/bai/favicon.ico status=200
Book-Pro.local Ip="::1" Method=GET Path=/bai/static/css/app.36d96e74.css status=404
time="2021-05-09T12:59:20+08:00" level=warning HostName=baijinxuandeMacBook-Pro.local Ip="::1" Method=GET Path=/bai/static/css/chunk-vendors.85bfc3dc.css status=404
time="2021-05-09T12:59:20+08:00" level=warning HostName=baijinxuandeMacBook-Pro.local Ip="::1" Method=GET Path=/bai/static/js/app.bdde9ecc.js status=404
time="2021-05-09T12:59:20+08:00" level=warning HostName=baijinxuandeMacBook-Pro.local Ip="::1" Method=GET Path=/bai/static/js/chunk-vendors.f43bb743.js status=404
time="2021-05-09T12:59:20+08:00" level=info HostName=baijinxuandeMacBook-Pro.local Ip="::1" Method=GET Path=/bai/favicon.ico status=200
inxuandeMacBook-Pro.local Ip="::1" Method=GET Path="/api/v1/articles?pagesize=5&pagenum=1" status=200
time="2021-04-28T16:19:27+08:00" level=info HostName=baijinxuandeMacBook-Pro.local Ip="::1" Method=GET Path=/api/v1/category status=200
time="2021-04-28T16:19:27+08:00" level=info HostName=baijinxuandeMacBook-Pro.local Ip="::1" Method=GET Path="/api/v1/articles?pagesize=5&pagenum=1" status=200
time="2021-04-28T16:19:29+08:00" level=info HostName=baijinxuandeMacBook-Pro.local Ip="::1" Method=GET Path=/api/v1/category status=200
time="2021-04-28T16:19:29+08:00" level=info HostName=baijinxuandeMacBook-Pro.local Ip="::1" Method=GET Path="/api/v1/articles?pagesize=5&pagenum=1" status=200
time="2021-04-28T16:26:40+08:00" level=info HostName=baijinxuandeMacBook-Pro.local Ip="::1" Method=GET Path=/api/v1/category status=200
time="2021-04-28T16:26:40+08:00" level=info HostName=baijinxuandeMacBook-Pro.local Ip="::1" Method=GET Path="/api/v1/articles?pagesize=5&pagenum=1" status=200
time="2021-04-28T16:26:44+08:00" level=info HostName=baijinxuandeMacBook-Pro.local Ip="::1" Method=GET Path="/api/v1/articles?pagesize=5&pagenum=1" status=200
time="2021-04-28T16:26:46+08:00" level=info HostName=baijinxuandeMacBook-Pro.local Ip="::1" Method=GET Path="/api/v1/articles?pagesize=5&pagenum=1" status=200
time="2021-04-28T16:26:48+08:00" level=info HostName=baijinxuandeMacBook-Pro.local Ip="::1" Method=GET Path="/api/v1/articles?pagesize=5&pagenum=1" status=200
time="2021-04-28T16:29:48+08:00" level=info HostName=baijinxuandeMacBook-Pro.local Ip="::1" Method=GET Path=/api/v1/category status=200
time="2021-04-28T16:29:48+08:00" level=info HostName=baijinxuandeMacBook-Pro.local Ip="::1" Method=GET Path="/api/v1/articles?pagesize=5&pagenum=1" status=200
time="2021-04-28T16:29:49+08:00" level=warning HostName=baijinxuandeMacBook-Pro.local Ip="::1" Method=GET Path="/api/v1/commentfront/2?pagesize=5&pagenum=1" status=404
time="2021-04-28T16:29:49+08:00" level=info HostName=baijinxuandeMacBook-Pro.local Ip="::1" Method=GET Path=/api/v1/article/info/2 status=200
time="2021-04-28T16:30:02+08:00" level=info HostName=baijinxuandeMacBook-Pro.local Ip="::1" Method=GET Path="/api/v1/articles?pagesize=5&pagenum=1" status=200
time="2021-04-28T16:30:03+08:00" level=warning HostName=baijinxuandeMacBook-Pro.local Ip="::1" Method=GET Path="/api/v1/commentfront/7?pagesize=5&pagenum=1" status=404
time="2021-04-28T16:30:03+08:00" level=info HostName=baijinxuandeMacBook-Pro.local Ip="::1" Method=GET Path=/api/v1/article/info/7 status=200
time="2021-04-28T16:30:07+08:00" level=info HostName=baijinxuandeMacBook-Pro.local Ip="::1" Method=GET Path="/api/v1/articles?pagesize=5&pagenum=1" status=200
time="2021-04-28T16:30:08+08:00" level=warning HostName=baijinxuandeMacBook-Pro.local Ip="::1" Method=GET Path="/api/v1/commentfront/2?pagesize=5&pagenum=1" status=404
time="2021-04-28T16:30:08+08:00" level=info HostName=baijinxuandeMacBook-Pro.local Ip="::1" Method=GET Path=/api/v1/article/info/2 status=200
time="2021-04-28T16:30:09+08:00" level=info HostName=baijinxuandeMacBook-Pro.local Ip="::1" Method=GET Path="/api/v1/articles?pagesize=5&pagenum=1" status=200
time="2021-04-28T16:30:11+08:00" level=warning HostName=baijinxuandeMacBook-Pro.local Ip="::1" Method=GET Path="/api/v1/commentfront/2?pagesize=5&pagenum=1" status=404
time="2021-04-28T16:30:11+08:00" level=info HostName=baijinxuandeMacBook-Pro.local Ip="::1" Method=GET Path=/api/v1/article/info/2 status=200
time="2021-04-28T16:30:11+08:00" level=info HostName=baijinxuandeMacBook-Pro.local Ip="::1" Method=GET Path="/api/v1/articles?pagesize=5&pagenum=1" status=200
time="2021-04-28T16:30:12+08:00" level=warning HostName=baijinxuandeMacBook-Pro.local Ip="::1" Method=GET Path="/api/v1/commentfront/2?pagesize=5&pagenum=1" status=404
time="2021-04-28T16:30:12+08:00" level=info HostName=baijinxuandeMacBook-Pro.local Ip="::1" Method=GET Path=/api/v1/article/info/2 status=200
time="2021-04-28T16:30:13+08:00" level=info HostName=baijinxuandeMacBook-Pro.local Ip="::1" Method=GET Path="/api/v1/articles?pagesize=5&pagenum=1" status=200
time="2021-04-28T16:30:14+08:00" level=warning HostName=baijinxuandeMacBook-Pro.local Ip="::1" Method=GET Path="/api/v1/commentfront/7?pagesize=5&pagenum=1" status=404
time="2021-04-28T16:30:14+08:00" level=info HostName=baijinxuandeMacBook-Pro.local Ip="::1" Method=GET Path=/api/v1/article/info/7 status=200
time="2021-04-28T16:30:15+08:00" level=info HostName=baijinxuandeMacBook-Pro.local Ip="::1" Method=GET Path="/api/v1/articles?pagesize=5&pagenum=1" status=200
time="2021-04-28T16:30:17+08:00" level=warning HostName=baijinxuandeMacBook-Pro.local Ip="::1" Method=GET Path="/api/v1/commentfront/8?pagesize=5&pagenum=1" status=404
time="2021-04-28T16:30:17+08:00" level=info HostName=baijinxuandeMacBook-Pro.local Ip="::1" Method=GET Path=/api/v1/article/info/8 status=200
time="2021-04-28T16:30:19+08:00" level=info HostName=baijinxuandeMacBook-Pro.local Ip="::1" Method=GET Path="/api/v1/articles?pagesize=5&pagenum=1" status=200
time="2021-04-28T16:30:21+08:00" level=warning HostName=baijinxuandeMacBook-Pro.local Ip="::1" Method=GET Path="/api/v1/commentfront/2?pagesize=5&pagenum=1" status=404
time="2021-04-28T16:30:21+08:00" level=info HostName=baijinxuandeMacBook-Pro.local Ip="::1" Method=GET Path=/api/v1/article/info/2 status=200
time="2021-04-28T16:30:23+08:00" level=info HostName=baijinxuandeMacBook-Pro.local Ip="::1" Method=GET Path="/api/v1/articles?pagesize=5&pagenum=1" status=200
time="2021-04-28T16:32:27+08:00" level=warning HostName=baijinxuandeMacBook-Pro.local Ip="::1" Method=GET Path="/api/v1/commentfront/2?pagesize=5&pagenum=1" status=404
time="2021-04-28T16:32:27+08:00" level=info HostName=baijinxuandeMacBook-Pro.local Ip="::1" Method=GET Path=/api/v1/article/info/2 status=200
time="2021-04-28T16:32:28+08:00" level=info HostName=baijinxuandeMacBook-Pro.local Ip="::1" Method=GET Path="/api/v1/articles?pagesize=5&pagenum=1" status=200
time="2021-04-28T16:33:08+08:00" level=warning HostName=baijinxuandeMacBook-Pro.local Ip="::1" Method=GET Path="/api/v1/commentfront/8?pagesize=5&pagenum=1" status=404
time="2021-04-28T16:33:08+08:00" level=info HostName=baijinxuandeMacBook-Pro.local Ip="::1" Method=GET Path=/api/v1/article/info/8 status=200
time="2021-04-28T16:33:13+08:00" level=info HostName=baijinxuandeMacBook-Pro.local Ip="::1" Method=GET Path="/api/v1/articles?pagesize=5&pagenum=1" status=200
time="2021-04-28T19:35:58+08:00" level=warning HostName=baijinxuandeMacBook-Pro.local Ip="::1" Method=GET Path="/api/v1/commentfront/2?pagesize=5&pagenum=1" status=404
time="2021-04-28T19:35:58+08:00" level=info HostName=baijinxuandeMacBook-Pro.local Ip="::1" Method=GET Path=/api/v1/article/info/2 status=200
time="2021-04-28T20:16:02+08:00" level=warning HostName=baijinxuandeMacBook-Pro.local Ip="::1" Method=GET Path="/api/v1/commentfront/2?pagesize=5&pagenum=1" status=404
time="2021-04-28T20:16:02+08:00" level=info HostName=baijinxuandeMacBook-Pro.local Ip="::1" Method=GET Path=/api/v1/category status=200
time="2021-04-28T20:16:02+08:00" level=info HostName=baijinxuandeMacBook-Pro.local Ip="::1" Method=GET Path=/api/v1/article/info/2 status=200
time="2021-04-28T20:16:03+08:00" level=info HostName=baijinxuandeMacBook-Pro.local Ip="::1" Method=GET Path="/api/v1/articles?pagesize=5&pagenum=1" status=200
time="2021-04-28T20:16:05+08:00" level=warning HostName=baijinxuandeMacBook-Pro.local Ip="::1" Method=GET Path="/api/v1/commentfront/2?pagesize=5&pagenum=1" status=404
time="2021-04-28T20:16:05+08:00" level=info HostName=baijinxuandeMacBook-Pro.local Ip="::1" Method=GET Path=/api/v1/article/info/2 status=200
time="2021-04-28T20:16:10+08:00" level=info HostName=baijinxuandeMacBook-Pro.local Ip="::1" Method=GET Path="/api/v1/articles?pagesize=5&pagenum=1" status=200
time="2021-04-28T20:16:13+08:00" level=warning HostName=baijinxuandeMacBook-Pro.local Ip="::1" Method=GET Path="/api/v1/commentfront/7?pagesize=5&pagenum=1" status=404
time="2021-04-28T20:16:13+08:00" level=info HostName=baijinxuandeMacBook-Pro.local Ip="::1" Method=GET Path=/api/v1/article/info/7 status=200
time="2021-04-28T20:16:15+08:00" level=info HostName=baijinxuandeMacBook-Pro.local Ip="::1" Method=GET Path="/api/v1/articles?pagesize=5&pagenum=1" status=200
time="2021-04-28T20:18:46+08:00" level=info HostName=baijinxuandeMacBook-Pro.local Ip="::1" Method=GET Path="/api/v1/articles?pagesize=5&pagenum=1" status=200
time="2021-04-28T20:18:50+08:00" level=info HostName=baijinxuandeMacBook-Pro.local Ip="::1" Method=GET Path=/api/v1/category status=200
time="2021-04-28T20:18:50+08:00" level=info HostName=baijinxuandeMacBook-Pro.local Ip="::1" Method=GET Path="/api/v1/articles?pagesize=5&pagenum=1" status=200
time="2021-04-28T20:18:51+08:00" level=info HostName=baijinxuandeMacBook-Pro.local Ip="::1" Method=GET Path=/api/v1/article/info/7 status=200
time="2021-04-28T20:18:52+08:00" level=info HostName=baijinxuandeMacBook-Pro.local Ip="::1" Method=GET Path="/api/v1/articles?pagesize=5&pagenum=1" status=200
time="2021-04-28T20:18:55+08:00" level=info HostName=baijinxuandeMacBook-Pro.local Ip="::1" Method=GET Path=/api/v1/article/info/7 status=200
time="2021-04-28T20:18:56+08:00" level=info HostName=baijinxuandeMacBook-Pro.local Ip="::1" Method=GET Path="/api/v1/articles?pagesize=5&pagenum=1" status=200
time="2021-04-28T20:35:53+08:00" level=info HostName=baijinxuandeMacBook-Pro.local Ip="::1" Method=GET Path=/api/v1/article/info/2 status=200
time="2021-04-28T20:35:54+08:00" level=info HostName=baijinxuandeMacBook-Pro.local Ip="::1" Method=GET Path="/api/v1/articles?pagesize=5&pagenum=1" status=200
time="2021-04-28T20:36:35+08:00" level=info HostName=baijinxuandeMacBook-Pro.local Ip="::1" Method=GET Path=/api/v1/article/info/7 status=200
time="2021-04-28T20:36:42+08:00" level=info HostName=baijinxuandeMacBook-Pro.local Ip="::1" Method=GET Path="/api/v1/articles?pagesize=5&pagenum=1" status=200
time="2021-04-28T20:38:57+08:00" level=info HostName=baijinxuandeMacBook-Pro.local Ip="::1" Method=GET Path=/api/v1/article/info/7 status=200
time="2021-04-28T20:38:58+08:00" level=info HostName=baijinxuandeMacBook-Pro.local Ip="::1" Method=GET Path=/api/v1/category status=200
time="2021-04-28T20:38:58+08:00" level=info HostName=baijinxuandeMacBook-Pro.local Ip="::1" Method=GET Path=/api/v1/article/info/7 status=200
time="2021-04-28T20:38:59+08:00" level=info HostName=baijinxuandeMacBook-Pro.local Ip="::1" Method=GET Path="/api/v1/articles?pagesize=5&pagenum=1" status=200
time="2021-04-28T20:39:32+08:00" level=info HostName=baijinxuandeMacBook-Pro.local Ip="::1" Method=GET Path=/api/v1/article/info/2 status=200
time="2021-04-28T20:39:33+08:00" level=info HostName=baijinxuandeMacBook-Pro.local Ip="::1" Method=GET Path="/api/v1/articles?pagesize=5&pagenum=1" status=200
time="2021-04-28T20:39:34+08:00" level=info HostName=baijinxuandeMacBook-Pro.local Ip="::1" Method=GET Path=/api/v1/article/info/7 status=200
time="2021-04-28T20:39:34+08:00" level=info HostName=baijinxuandeMacBook-Pro.local Ip="::1" Method=GET Path="/api/v1/articles?pagesize=5&pagenum=1" status=200
time="2021-04-28T20:39:35+08:00" level=info HostName=baijinxuandeMacBook-Pro.local Ip="::1" Method=GET Path=/api/v1/article/info/8 status=200
time="2021-04-28T20:39:35+08:00" level=info HostName=baijinxuandeMacBook-Pro.local Ip="::1" Method=GET Path="/api/v1/articles?pagesize=5&pagenum=1" status=200
time="2021-04-29T15:46:44+08:00" level=info HostName=baijinxuandeMacBook-Pro.local Ip="::1" Method=GET Path=/api/v1/category status=200
time="2021-04-29T15:46:44+08:00" level=info HostName=baijinxuandeMacBook-Pro.local Ip="::1" Method=GET Path="/api/v1/articles?pagesize=5&pagenum=1" status=200
time="2021-04-29T15:46:52+08:00" level=info HostName=baijinxuandeMacBook-Pro.local Ip="::1" Method=GET Path=/api/v1/article/info/2 status=200
time="2021-04-29T15:46:54+08:00" level=info HostName=baijinxuandeMacBook-Pro.local Ip="::1" Method=GET Path="/api/v1/articles?pagesize=5&pagenum=1" status=200
time="2021-04-29T15:46:55+08:00" level=info HostName=baijinxuandeMacBook-Pro.local Ip="::1" Method=GET Path=/api/v1/article/info/7 status=200
time="2021-04-29T15:46:56+08:00" level=info HostName=baijinxuandeMacBook-Pro.local Ip="::1" Method=GET Path="/api/v1/articles?pagesize=5&pagenum=1" status=200
time="2021-04-29T15:46:57+08:00" level=info HostName=baijinxuandeMacBook-Pro.local Ip="::1" Method=GET Path=/api/v1/article/info/8 status=200
time="2021-04-29T15:46:58+08:00" level=info HostName=baijinxuandeMacBook-Pro.local Ip="::1" Method=GET Path="/api/v1/articles?pagesize=5&pagenum=1" status=200
9:57+08:00" level=info HostName=baijinxuandeMacBook-Pro.local Ip="::1" Method=GET Path=/api/v1/article/info/2 status=200
time="2021-04-22T23:10:02+08:00" level=info HostName=baijinxuandeMacBook-Pro.local Ip="::1" Method=OPTIONS Path="/api/v1/articles?title=&pagesize=5&pagenum=1" status=204
time="2021-04-22T23:10:02+08:00" level=info HostName=baijinxuandeMacBook-Pro.local Ip="::1" Method=GET Path=/api/v1/category status=200
time="2021-04-22T23:10:02+08:00" level=info HostName=baijinxuandeMacBook-Pro.local Ip="::1" Method=GET Path="/api/v1/articles?title=&pagesize=5&pagenum=1" status=200
time="2021-04-22T23:10:27+08:00" level=info HostName=baijinxuandeMacBook-Pro.local Ip="::1" Method=GET Path=/api/v1/category status=200
time="2021-04-22T23:10:27+08:00" level=info HostName=baijinxuandeMacBook-Pro.local Ip="::1" Method=GET Path="/api/v1/articles?title=&pagesize=5&pagenum=1" status=200
time="2021-04-22T23:10:28+08:00" level=info HostName=baijinxuandeMacBook-Pro.local Ip="::1" Method=GET Path=/api/v1/category status=200
time="2021-04-22T23:10:28+08:00" level=info HostName=baijinxuandeMacBook-Pro.local Ip="::1" Method=GET Path=/api/v1/article/info/2 status=200
time="2021-04-22T23:10:33+08:00" level=info HostName=baijinxuandeMacBook-Pro.local Ip="::1" Method=PUT Path=/api/v1/article/2 status=200
time="2021-04-22T23:10:46+08:00" level=info HostName=baijinxuandeMacBook-Pro.local Ip="::1" Method=GET Path=/api/v1/category status=200
time="2021-04-22T23:10:46+08:00" level=info HostName=baijinxuandeMacBook-Pro.local Ip="::1" Method=GET Path=/api/v1/article/info/2 status=200
time="2021-04-22T23:10:48+08:00" level=info HostName=baijinxuandeMacBook-Pro.local Ip="::1" Method=GET Path=/api/v1/category status=200
time="2021-04-22T23:10:48+08:00" level=info HostName=baijinxuandeMacBook-Pro.local Ip="::1" Method=GET Path=/api/v1/article/info/2 status=200
time="2021-04-22T23:10:51+08:00" level=info HostName=baijinxuandeMacBook-Pro.local Ip="::1" Method=PUT Path=/api/v1/article/2 status=200
time="2021-04-22T23:10:57+08:00" level=info HostName=baijinxuandeMacBook-Pro.local Ip="::1" Method=GET Path=/api/v1/category status=200
time="2021-04-22T23:10:57+08:00" level=info HostName=baijinxuandeMacBook-Pro.local Ip="::1" Method=GET Path=/api/v1/article/info/2 status=200
time="2021-04-22T23:10:59+08:00" level=info HostName=baijinxuandeMacBook-Pro.local Ip="::1" Method=GET Path=/api/v1/category status=200
time="2021-04-22T23:10:59+08:00" level=info HostName=baijinxuandeMacBook-Pro.local Ip="::1" Method=GET Path=/api/v1/article/info/2 status=200
time="2021-04-22T23:11:00+08:00" level=info HostName=baijinxuandeMacBook-Pro.local Ip="::1" Method=GET Path=/api/v1/category status=200
time="2021-04-22T23:11:00+08:00" level=info HostName=baijinxuandeMacBook-Pro.local Ip="::1" Method=GET Path=/api/v1/article/info/2 status=200
time="2021-04-22T23:11:05+08:00" level=info HostName=baijinxuandeMacBook-Pro.local Ip="::1" Method=PUT Path=/api/v1/article/2 status=200
time="2021-04-22T23:11:22+08:00" level=info HostName=baijinxuandeMacBook-Pro.local Ip="::1" Method=GET Path=/api/v1/category status=200
time="2021-04-22T23:11:22+08:00" level=info HostName=baijinxuandeMacBook-Pro.local Ip="::1" Method=GET Path=/api/v1/article/info/2 status=200
time="2021-04-22T23:11:24+08:00" level=info HostName=baijinxuandeMacBook-Pro.local Ip="::1" Method=GET Path=/api/v1/article/info/2 status=200
time="2021-04-22T23:11:24+08:00" level=info HostName=baijinxuandeMacBook-Pro.local Ip="::1" Method=GET Path=/api/v1/category status=200
time="2021-04-22T23:11:31+08:00" level=info HostName=baijinxuandeMacBook-Pro.local Ip="::1" Method=PUT Path=/api/v1/article/2 status=200
time="2021-04-22T23:11:31+08:00" level=info HostName=baijinxuandeMacBook-Pro.local Ip="::1" Method=GET Path=/api/v1/category status=200
time="2021-04-22T23:11:31+08:00" level=info HostName=baijinxuandeMacBook-Pro.local Ip="::1" Method=GET Path="/api/v1/articles?title=&pagesize=5&pagenum=1" status=200
time="2021-04-22T23:12:04+08:00" level=info HostName=baijinxuandeMacBook-Pro.local Ip="::1" Method=GET Path=/api/v1/category status=200
time="2021-04-22T23:16:07+08:00" level=info HostName=baijinxuandeMacBook-Pro.local Ip="::1" Method=POST Path=/api/v1/upload status=200
time="2021-04-22T23:18:46+08:00" level=info HostName=baijinxuandeMacBook-Pro.local Ip="::1" Method=GET Path=/api/v1/category status=200
time="2021-04-22T23:19:08+08:00" level=info HostName=baijinxuandeMacBook-Pro.local Ip="::1" Method=POST Path=/api/v1/upload status=200
time="2021-04-22T23:19:10+08:00" level=info HostName=baijinxuandeMacBook-Pro.local Ip="::1" Method=OPTIONS Path=/api/v1/article/add status=204
time="2021-04-22T23:19:10+08:00" level=info HostName=baijinxuandeMacBook-Pro.local Ip="::1" Method=POST Path=/api/v1/article/add status=200
time="2021-04-22T23:19:10+08:00" level=info HostName=baijinxuandeMacBook-Pro.local Ip="::1" Method=GET Path="/api/v1/articles?title=&pagesize=5&pagenum=1" status=200
time="2021-04-22T23:19:10+08:00" level=info HostName=baijinxuandeMacBook-Pro.local Ip="::1" Method=GET Path=/api/v1/category status=200
time="2021-04-22T23:20:00+08:00" level=info HostName=baijinxuandeMacBook-Pro.local Ip="::1" Method=OPTIONS Path="/api/v1/users?username=&pagenum=1" status=204
time="2021-04-22T23:20:00+08:00" level=info HostName=baijinxuandeMacBook-Pro.local Ip="::1" Method=GET Path="/api/v1/users?username=&pagenum=1" status=200
time="2021-04-22T23:20:20+08:00" level=info HostName=baijinxuandeMacBook-Pro.local Ip="::1" Method=GET Path=/api/v1/category status=200
time="2021-04-22T23:20:20+08:00" level=info HostName=baijinxuandeMacBook-Pro.local Ip="::1" Method=GET Path="/api/v1/articles?title=&pagesize=5&pagenum=1" status=200
time="2021-04-22T23:20:23+08:00" level=info HostName=baijinxuandeMacBook-Pro.local Ip="::1" Method=GET Path=/api/v1/category status=200
pagenum=1" SpendTime="1 ms" status=200
time="2021-04-12T20:07:06+08:00" level=info Agent="Mozilla/5.0 (Macintosh; Intel Mac OS X 11_2_1) AppleWebKit/537.36 (KHTML, like Gecko) Chrome/89.0.4389.114 Safari/537.36" DataSize=1700 HostName=baijinxuandeMacBook-Pro.local Ip="::1" Method=GET Path="/api/v1/users?pagenum=1" SpendTime="4 ms" status=200
time="2021-04-12T20:07:19+08:00" level=info Agent="Mozilla/5.0 (Macintosh; Intel Mac OS X 11_2_1) AppleWebKit/537.36 (KHTML, like Gecko) Chrome/89.0.4389.114 Safari/537.36" DataSize=1700 HostName=baijinxuandeMacBook-Pro.local Ip="::1" Method=GET Path="/api/v1/users?pagenum=1" SpendTime="19 ms" status=200
time="2021-04-12T20:10:04+08:00" level=info Agent="Mozilla/5.0 (Macintosh; Intel Mac OS X 11_2_1) AppleWebKit/537.36 (KHTML, like Gecko) Chrome/89.0.4389.114 Safari/537.36" DataSize=1700 HostName=baijinxuandeMacBook-Pro.local Ip="::1" Method=GET Path="/api/v1/users?pagenum=1" SpendTime="17 ms" status=200
time="2021-04-12T20:10:08+08:00" level=info Agent="Mozilla/5.0 (Macintosh; Intel Mac OS X 11_2_1) AppleWebKit/537.36 (KHTML, like Gecko) Chrome/89.0.4389.114 Safari/537.36" DataSize=1700 HostName=baijinxuandeMacBook-Pro.local Ip="::1" Method=GET Path="/api/v1/users?pagenum=1" SpendTime="1 ms" status=200
time="2021-04-12T20:10:43+08:00" level=info Agent="Mozilla/5.0 (Macintosh; Intel Mac OS X 11_2_1) AppleWebKit/537.36 (KHTML, like Gecko) Chrome/89.0.4389.114 Safari/537.36" DataSize=1700 HostName=baijinxuandeMacBook-Pro.local Ip="::1" Method=GET Path="/api/v1/users?pagenum=1" SpendTime="9 ms" status=200
time="2021-04-12T20:10:46+08:00" level=info Agent="Mozilla/5.0 (Macintosh; Intel Mac OS X 11_2_1) AppleWebKit/537.36 (KHTML, like Gecko) Chrome/89.0.4389.114 Safari/537.36" DataSize=1700 HostName=baijinxuandeMacBook-Pro.local Ip="::1" Method=GET Path="/api/v1/users?pagenum=1" SpendTime="1 ms" status=200
time="2021-04-12T20:10:48+08:00" level=info Agent="Mozilla/5.0 (Macintosh; Intel Mac OS X 11_2_1) AppleWebKit/537.36 (KHTML, like Gecko) Chrome/89.0.4389.114 Safari/537.36" DataSize=1700 HostName=baijinxuandeMacBook-Pro.local Ip="::1" Method=GET Path="/api/v1/users?pagenum=1" SpendTime="1 ms" status=200
time="2021-04-12T20:12:23+08:00" level=info Agent="Mozilla/5.0 (Macintosh; Intel Mac OS X 11_2_1) AppleWebKit/537.36 (KHTML, like Gecko) Chrome/89.0.4389.114 Safari/537.36" DataSize=1700 HostName=baijinxuandeMacBook-Pro.local Ip="::1" Method=GET Path="/api/v1/users?pagenum=1" SpendTime="14 ms" status=200
time="2021-04-12T20:12:59+08:00" level=info Agent="Mozilla/5.0 (Macintosh; Intel Mac OS X 11_2_1) AppleWebKit/537.36 (KHTML, like Gecko) Chrome/89.0.4389.114 Safari/537.36" DataSize=0 HostName=baijinxuandeMacBook-Pro.local Ip="::1" Method=OPTIONS Path=/api/v1/login SpendTime="1 ms" status=204
time="2021-04-12T20:12:59+08:00" level=info Agent="Mozilla/5.0 (Macintosh; Intel Mac OS X 11_2_1) AppleWebKit/537.36 (KHTML, like Gecko) Chrome/89.0.4389.114 Safari/537.36" DataSize=197 HostName=baijinxuandeMacBook-Pro.local Ip="::1" Method=POST Path=/api/v1/login SpendTime="55 ms" status=200
time="2021-04-12T20:13:02+08:00" level=info Agent="Mozilla/5.0 (Macintosh; Intel Mac OS X 11_2_1) AppleWebKit/537.36 (KHTML, like Gecko) Chrome/89.0.4389.114 Safari/537.36" DataSize=1700 HostName=baijinxuandeMacBook-Pro.local Ip="::1" Method=GET Path="/api/v1/users?pagenum=1" SpendTime="1 ms" status=200
time="2021-04-12T20:13:16+08:00" level=info Agent="Mozilla/5.0 (Macintosh; Intel Mac OS X 11_2_1) AppleWebKit/537.36 (KHTML, like Gecko) Chrome/89.0.4389.114 Safari/537.36" DataSize=1700 HostName=baijinxuandeMacBook-Pro.local Ip="::1" Method=GET Path="/api/v1/users?pagenum=1" SpendTime="21 ms" status=200
time="2021-04-12T20:13:19+08:00" level=info Agent="Mozilla/5.0 (Macintosh; Intel Mac OS X 11_2_1) AppleWebKit/537.36 (KHTML, like Gecko) Chrome/89.0.4389.114 Safari/537.36" DataSize=1700 HostName=baijinxuandeMacBook-Pro.local Ip="::1" Method=GET Path="/api/v1/users?pagenum=1" SpendTime="1 ms" status=200
time="2021-04-12T20:13:22+08:00" level=info Agent="Mozilla/5.0 (Macintosh; Intel Mac OS X 11_2_1) AppleWebKit/537.36 (KHTML, like Gecko) Chrome/89.0.4389.114 Safari/537.36" DataSize=1700 HostName=baijinxuandeMacBook-Pro.local Ip="::1" Method=GET Path="/api/v1/users?pagenum=1" SpendTime="1 ms" status=200
time="2021-04-12T20:13:23+08:00" level=info Agent="Mozilla/5.0 (Macintosh; Intel Mac OS X 11_2_1) AppleWebKit/537.36 (KHTML, like Gecko) Chrome/89.0.4389.114 Safari/537.36" DataSize=1700 HostName=baijinxuandeMacBook-Pro.local Ip="::1" Method=GET Path="/api/v1/users?pagenum=1" SpendTime="1 ms" status=200
time="2021-04-12T20:18:14+08:00" level=info Agent="Mozilla/5.0 (Macintosh; Intel Mac OS X 11_2_1) AppleWebKit/537.36 (KHTML, like Gecko) Chrome/89.0.4389.114 Safari/537.36" DataSize=1700 HostName=baijinxuandeMacBook-Pro.local Ip="::1" Method=GET Path="/api/v1/users?pagenum=1" SpendTime="41 ms" status=200
time="2021-04-12T20:18:16+08:00" level=info Agent="Mozilla/5.0 (Macintosh; Intel Mac OS X 11_2_1) AppleWebKit/537.36 (KHTML, like Gecko) Chrome/89.0.4389.114 Safari/537.36" DataSize=1700 HostName=baijinxuandeMacBook-Pro.local Ip="::1" Method=GET Path="/api/v1/users?pagenum=1" SpendTime="1 ms" status=200
time="2021-04-12T20:18:18+08:00" level=info Agent="Mozilla/5.0 (Macintosh; Intel Mac OS X 11_2_1) AppleWebKit/537.36 (KHTML, like Gecko) Chrome/89.0.4389.114 Safari/537.36" DataSize=1700 HostName=baijinxuandeMacBook-Pro.local Ip="::1" Method=GET Path="/api/v1/users?pagenum=1" SpendTime="1 ms" status=200
time="2021-04-12T20:18:32+08:00" level=info Agent="Mozilla/5.0 (Macintosh; Intel Mac OS X 11_2_1) AppleWebKit/537.36 (KHTML, like Gecko) Chrome/89.0.4389.114 Safari/537.36" DataSize=1700 HostName=baijinxuandeMacBook-Pro.local Ip="::1" Method=GET Path="/api/v1/users?pagenum=1" SpendTime="23 ms" status=200
time="2021-04-12T20:18:38+08:00" level=info Agent="Mozilla/5.0 (Macintosh; Intel Mac OS X 11_2_1) AppleWebKit/537.36 (KHTML, like Gecko) Chrome/89.0.4389.114 Safari/537.36" DataSize=1700 HostName=baijinxuandeMacBook-Pro.local Ip="::1" Method=GET Path="/api/v1/users?pagenum=1" SpendTime="1 ms" status=200
time="2021-04-12T20:18:59+08:00" level=info Agent="Mozilla/5.0 (Macintosh; Intel Mac OS X 11_2_1) AppleWebKit/537.36 (KHTML, like Gecko) Chrome/89.0.4389.114 Safari/537.36" DataSize=1700 HostName=baijinxuandeMacBook-Pro.local Ip="::1" Method=GET Path="/api/v1/users?pagenum=1" SpendTime="124 ms" status=200
time="2021-04-12T20:19:02+08:00" level=info Agent="Mozilla/5.0 (Macintosh; Intel Mac OS X 11_2_1) AppleWebKit/537.36 (KHTML, like Gecko) Chrome/89.0.4389.114 Safari/537.36" DataSize=1700 HostName=baijinxuandeMacBook-Pro.local Ip="::1" Method=GET Path="/api/v1/users?pagenum=1" SpendTime="1 ms" status=200
time="2021-04-12T20:19:04+08:00" level=info Agent="Mozilla/5.0 (Macintosh; Intel Mac OS X 11_2_1) AppleWebKit/537.36 (KHTML, like Gecko) Chrome/89.0.4389.114 Safari/537.36" DataSize=1700 HostName=baijinxuandeMacBook-Pro.local Ip="::1" Method=GET Path="/api/v1/users?pagenum=1" SpendTime="1 ms" status=200
time="2021-04-12T20:19:06+08:00" level=info Agent="Mozilla/5.0 (Macintosh; Intel Mac OS X 11_2_1) AppleWebKit/537.36 (KHTML, like Gecko) Chrome/89.0.4389.114 Safari/537.36" DataSize=1700 HostName=baijinxuandeMacBook-Pro.local Ip="::1" Method=GET Path="/api/v1/users?pagenum=1" SpendTime="1 ms" status=200
time="2021-04-12T20:20:58+08:00" level=info Agent="Mozilla/5.0 (Macintosh; Intel Mac OS X 11_2_1) AppleWebKit/537.36 (KHTML, like Gecko) Chrome/89.0.4389.114 Safari/537.36" DataSize=1700 HostName=baijinxuandeMacBook-Pro.local Ip="::1" Method=GET Path="/api/v1/users?pagenum=1" SpendTime="17 ms" status=200
time="2021-04-12T20:21:09+08:00" level=info Agent="Mozilla/5.0 (Macintosh; Intel Mac OS X 11_2_1) AppleWebKit/537.36 (KHTML, like Gecko) Chrome/89.0.4389.114 Safari/537.36" DataSize=1700 HostName=baijinxuandeMacBook-Pro.local Ip="::1" Method=GET Path="/api/v1/users?pagenum=1" SpendTime="5 ms" status=200
time="2021-04-12T20:22:39+08:00" level=info Agent="Mozilla/5.0 (Macintosh; Intel Mac OS X 11_2_1) AppleWebKit/537.36 (KHTML, like Gecko) Chrome/89.0.4389.114 Safari/537.36" DataSize=1700 HostName=baijinxuandeMacBook-Pro.local Ip="::1" Method=GET Path="/api/v1/users?pagenum=1" SpendTime="17 ms" status=200
time="2021-04-12T20:39:56+08:00" level=info Agent="Mozilla/5.0 (Macintosh; Intel Mac OS X 11_2_1) AppleWebKit/537.36 (KHTML, like Gecko) Chrome/89.0.4389.114 Safari/537.36" DataSize=1700 HostName=baijinxuandeMacBook-Pro.local Ip="::1" Method=GET Path="/api/v1/users?pagenum=1" SpendTime="22 ms" status=200
time="2021-04-12T20:48:45+08:00" level=info Agent="Mozilla/5.0 (Macintosh; Intel Mac OS X 11_2_1) AppleWebKit/537.36 (KHTML, like Gecko) Chrome/89.0.4389.114 Safari/537.36" DataSize=1700 HostName=baijinxuandeMacBook-Pro.local Ip="::1" Method=GET Path="/api/v1/users?pagenum=1" SpendTime="24 ms" status=200
time="2021-04-12T20:49:06+08:00" level=info Agent="Mozilla/5.0 (Macintosh; Intel Mac OS X 11_2_1) AppleWebKit/537.36 (KHTML, like Gecko) Chrome/89.0.4389.114 Safari/537.36" DataSize=1700 HostName=baijinxuandeMacBook-Pro.local Ip="::1" Method=GET Path="/api/v1/users?pagenum=1" SpendTime="34 ms" status=200
time="2021-04-12T20:51:15+08:00" level=info Agent="Mozilla/5.0 (Macintosh; Intel Mac OS X 11_2_1) AppleWebKit/537.36 (KHTML, like Gecko) Chrome/89.0.4389.114 Safari/537.36" DataSize=1700 HostName=baijinxuandeMacBook-Pro.local Ip="::1" Method=GET Path="/api/v1/users?pagenum=1" SpendTime="28 ms" status=200
time="2021-04-12T20:51:22+08:00" level=info Agent="Mozilla/5.0 (Macintosh; Intel Mac OS X 11_2_1) AppleWebKit/537.36 (KHTML, like Gecko) Chrome/89.0.4389.114 Safari/537.36" DataSize=1700 HostName=baijinxuandeMacBook-Pro.local Ip="::1" Method=GET Path="/api/v1/users?pagenum=1" SpendTime="1 ms" status=200
time="2021-04-12T20:52:21+08:00" level=info Agent="Mozilla/5.0 (Macintosh; Intel Mac OS X 11_2_1) AppleWebKit/537.36 (KHTML, like Gecko) Chrome/89.0.4389.114 Safari/537.36" DataSize=1700 HostName=baijinxuandeMacBook-Pro.local Ip="::1" Method=GET Path="/api/v1/users?pagenum=1" SpendTime="25 ms" status=200
time="2021-04-12T20:52:25+08:00" level=info Agent="Mozilla/5.0 (Macintosh; Intel Mac OS X 11_2_1) AppleWebKit/537.36 (KHTML, like Gecko) Chrome/89.0.4389.114 Safari/537.36" DataSize=1700 HostName=baijinxuandeMacBook-Pro.local Ip="::1" Method=GET Path="/api/v1/users?pagenum=1" SpendTime="1 ms" status=200
time="2021-04-12T20:52:25+08:00" level=info Agent="Mozilla/5.0 (Macintosh; Intel Mac OS X 11_2_1) AppleWebKit/537.36 (KHTML, like Gecko) Chrome/89.0.4389.114 Safari/537.36" DataSize=1700 HostName=baijinxuandeMacBook-Pro.local Ip="::1" Method=GET Path="/api/v1/users?pagenum=1" SpendTime="1 ms" status=200
time="2021-04-12T20:52:26+08:00" level=info Agent="Mozilla/5.0 (Macintosh; Intel Mac OS X 11_2_1) AppleWebKit/537.36 (KHTML, like Gecko) Chrome/89.0.4389.114 Safari/537.36" DataSize=1700 HostName=baijinxuandeMacBook-Pro.local Ip="::1" Method=GET Path="/api/v1/users?pagenum=1" SpendTime="1 ms" status=200
time="2021-04-12T20:52:27+08:00" level=info Agent="Mozilla/5.0 (Macintosh; Intel Mac OS X 11_2_1) AppleWebKit/537.36 (KHTML, like Gecko) Chrome/89.0.4389.114 Safari/537.36" DataSize=1700 HostName=baijinxuandeMacBook-Pro.local Ip="::1" Method=GET Path="/api/v1/users?pagenum=1" SpendTime="1 ms" status=200
time="2021-04-12T20:52:28+08:00" level=info Agent="Mozilla/5.0 (Macintosh; Intel Mac OS X 11_2_1) AppleWebKit/537.36 (KHTML, like Gecko) Chrome/89.0.4389.114 Safari/537.36" DataSize=1700 HostName=baijinxuandeMacBook-Pro.local Ip="::1" Method=GET Path="/api/v1/users?pagenum=1" SpendTime="1 ms" status=200
time="2021-04-12T20:52:28+08:00" level=info Agent="Mozilla/5.0 (Macintosh; Intel Mac OS X 11_2_1) AppleWebKit/537.36 (KHTML, like Gecko) Chrome/89.0.4389.114 Safari/537.36" DataSize=1700 HostName=baijinxuandeMacBook-Pro.local Ip="::1" Method=GET Path="/api/v1/users?pagenum=1" SpendTime="1 ms" status=200
time="2021-04-12T20:52:29+08:00" level=info Agent="Mozilla/5.0 (Macintosh; Intel Mac OS X 11_2_1) AppleWebKit/537.36 (KHTML, like Gecko) Chrome/89.0.4389.114 Safari/537.36" DataSize=1700 HostName=baijinxuandeMacBook-Pro.local Ip="::1" Method=GET Path="/api/v1/users?pagenum=1" SpendTime="1 ms" status=200
time="2021-04-12T20:52:29+08:00" level=info Agent="Mozilla/5.0 (Macintosh; Intel Mac OS X 11_2_1) AppleWebKit/537.36 (KHTML, like Gecko) Chrome/89.0.4389.114 Safari/537.36" DataSize=1700 HostName=baijinxuandeMacBook-Pro.local Ip="::1" Method=GET Path="/api/v1/users?pagenum=1" SpendTime="1 ms" status=200
time="2021-04-12T20:52:39+08:00" level=info Agent="Mozilla/5.0 (Macintosh; Intel Mac OS X 11_2_1) AppleWebKit/537.36 (KHTML, like Gecko) Chrome/89.0.4389.114 Safari/537.36" DataSize=1700 HostName=baijinxuandeMacBook-Pro.local Ip="::1" Method=GET Path="/api/v1/users?pagenum=1" SpendTime="13 ms" status=200
time="2021-04-12T20:53:09+08:00" level=info Agent="Mozilla/5.0 (Macintosh; Intel Mac OS X 11_2_1) AppleWebKit/537.36 (KHTML, like Gecko) Chrome/89.0.4389.114 Safari/537.36" DataSize=1700 HostName=baijinxuandeMacBook-Pro.local Ip="::1" Method=GET Path="/api/v1/users?pagenum=1" SpendTime="23 ms" status=200
time="2021-04-12T20:53:13+08:00" level=info Agent="Mozilla/5.0 (Macintosh; Intel Mac OS X 11_2_1) AppleWebKit/537.36 (KHTML, like Gecko) Chrome/89.0.4389.114 Safari/537.36" DataSize=1700 HostName=baijinxuandeMacBook-Pro.local Ip="::1" Method=GET Path="/api/v1/users?pagenum=1" SpendTime="1 ms" status=200
time="2021-04-12T20:53:13+08:00" level=info Agent="Mozilla/5.0 (Macintosh; Intel Mac OS X 11_2_1) AppleWebKit/537.36 (KHTML, like Gecko) Chrome/89.0.4389.114 Safari/537.36" DataSize=1700 HostName=baijinxuandeMacBook-Pro.local Ip="::1" Method=GET Path="/api/v1/users?pagenum=1" SpendTime="1 ms" status=200
time="2021-04-12T20:53:13+08:00" level=info Agent="Mozilla/5.0 (Macintosh; Intel Mac OS X 11_2_1) AppleWebKit/537.36 (KHTML, like Gecko) Chrome/89.0.4389.114 Safari/537.36" DataSize=1700 HostName=baijinxuandeMacBook-Pro.local Ip="::1" Method=GET Path="/api/v1/users?pagenum=1" SpendTime="1 ms" status=200
time="2021-04-12T20:53:14+08:00" level=info Agent="Mozilla/5.0 (Macintosh; Intel Mac OS X 11_2_1) AppleWebKit/537.36 (KHTML, like Gecko) Chrome/89.0.4389.114 Safari/537.36" DataSize=1700 HostName=baijinxuandeMacBook-Pro.local Ip="::1" Method=GET Path="/api/v1/users?pagenum=1" SpendTime="1 ms" status=200
time="2021-04-12T20:53:15+08:00" level=info Agent="Mozilla/5.0 (Macintosh; Intel Mac OS X 11_2_1) AppleWebKit/537.36 (KHTML, like Gecko) Chrome/89.0.4389.114 Safari/537.36" DataSize=1700 HostName=baijinxuandeMacBook-Pro.local Ip="::1" Method=GET Path="/api/v1/users?pagenum=1" SpendTime="1 ms" status=200
time="2021-04-12T20:53:17+08:00" level=info Agent="Mozilla/5.0 (Macintosh; Intel Mac OS X 11_2_1) AppleWebKit/537.36 (KHTML, like Gecko) Chrome/89.0.4389.114 Safari/537.36" DataSize=1700 HostName=baijinxuandeMacBook-Pro.local Ip="::1" Method=GET Path="/api/v1/users?pagenum=1" SpendTime="1 ms" status=200
time="2021-04-12T20:53:29+08:00" level=info Agent="Mozilla/5.0 (Macintosh; Intel Mac OS X 11_2_1) AppleWebKit/537.36 (KHTML, like Gecko) Chrome/89.0.4389.114 Safari/537.36" DataSize=1700 HostName=baijinxuandeMacBook-Pro.local Ip="::1" Method=GET Path="/api/v1/users?pagenum=1" SpendTime="35 ms" status=200
time="2021-04-12T20:53:30+08:00" level=info Agent="Mozilla/5.0 (Macintosh; Intel Mac OS X 11_2_1) AppleWebKit/537.36 (KHTML, like Gecko) Chrome/89.0.4389.114 Safari/537.36" DataSize=1700 HostName=baijinxuandeMacBook-Pro.local Ip="::1" Method=GET Path="/api/v1/users?pagenum=1" SpendTime="1 ms" status=200
time="2021-04-12T20:53:31+08:00" level=info Agent="Mozilla/5.0 (Macintosh; Intel Mac OS X 11_2_1) AppleWebKit/537.36 (KHTML, like Gecko) Chrome/89.0.4389.114 Safari/537.36" DataSize=1700 HostName=baijinxuandeMacBook-Pro.local Ip="::1" Method=GET Path="/api/v1/users?pagenum=1" SpendTime="1 ms" status=200
time="2021-04-12T20:53:32+08:00" level=info Agent="Mozilla/5.0 (Macintosh; Intel Mac OS X 11_2_1) AppleWebKit/537.36 (KHTML, like Gecko) Chrome/89.0.4389.114 Safari/537.36" DataSize=1700 HostName=baijinxuandeMacBook-Pro.local Ip="::1" Method=GET Path="/api/v1/users?pagenum=1" SpendTime="1 ms" status=200
time="2021-04-12T20:53:32+08:00" level=info Agent="Mozilla/5.0 (Macintosh; Intel Mac OS X 11_2_1) AppleWebKit/537.36 (KHTML, like Gecko) Chrome/89.0.4389.114 Safari/537.36" DataSize=1700 HostName=baijinxuandeMacBook-Pro.local Ip="::1" Method=GET Path="/api/v1/users?pagenum=1" SpendTime="1 ms" status=200
time="2021-04-12T20:53:33+08:00" level=info Agent="Mozilla/5.0 (Macintosh; Intel Mac OS X 11_2_1) AppleWebKit/537.36 (KHTML, like Gecko) Chrome/89.0.4389.114 Safari/537.36" DataSize=1700 HostName=baijinxuandeMacBook-Pro.local Ip="::1" Method=GET Path="/api/v1/users?pagenum=1" SpendTime="1 ms" status=200
time="2021-04-12T20:53:34+08:00" level=info Agent="Mozilla/5.0 (Macintosh; Intel Mac OS X 11_2_1) AppleWebKit/537.36 (KHTML, like Gecko) Chrome/89.0.4389.114 Safari/537.36" DataSize=1700 HostName=baijinxuandeMacBook-Pro.local Ip="::1" Method=GET Path="/api/v1/users?pagenum=1" SpendTime="1 ms" status=200
time="2021-04-12T20:53:35+08:00" level=info Agent="Mozilla/5.0 (Macintosh; Intel Mac OS X 11_2_1) AppleWebKit/537.36 (KHTML, like Gecko) Chrome/89.0.4389.114 Safari/537.36" DataSize=1700 HostName=baijinxuandeMacBook-Pro.local Ip="::1" Method=GET Path="/api/v1/users?pagenum=1" SpendTime="1 ms" status=200
time="2021-04-12T20:53:46+08:00" level=info Agent="Mozilla/5.0 (Macintosh; Intel Mac OS X 11_2_1) AppleWebKit/537.36 (KHTML, like Gecko) Chrome/89.0.4389.114 Safari/537.36" DataSize=1700 HostName=baijinxuandeMacBook-Pro.local Ip="::1" Method=GET Path="/api/v1/users?pagenum=1" SpendTime="39 ms" status=200
time="2021-04-12T20:53:47+08:00" level=info Agent="Mozilla/5.0 (Macintosh; Intel Mac OS X 11_2_1) AppleWebKit/537.36 (KHTML, like Gecko) Chrome/89.0.4389.114 Safari/537.36" DataSize=1700 HostName=baijinxuandeMacBook-Pro.local Ip="::1" Method=GET Path="/api/v1/users?pagenum=1" SpendTime="1 ms" status=200
time="2021-04-12T20:53:48+08:00" level=info Agent="Mozilla/5.0 (Macintosh; Intel Mac OS X 11_2_1) AppleWebKit/537.36 (KHTML, like Gecko) Chrome/89.0.4389.114 Safari/537.36" DataSize=1700 HostName=baijinxuandeMacBook-Pro.local Ip="::1" Method=GET Path="/api/v1/users?pagenum=1" SpendTime="1 ms" status=200
time="2021-04-12T20:53:48+08:00" level=info Agent="Mozilla/5.0 (Macintosh; Intel Mac OS X 11_2_1) AppleWebKit/537.36 (KHTML, like Gecko) Chrome/89.0.4389.114 Safari/537.36" DataSize=1700 HostName=baijinxuandeMacBook-Pro.local Ip="::1" Method=GET Path="/api/v1/users?pagenum=1" SpendTime="1 ms" status=200
time="2021-04-12T20:53:49+08:00" level=info Agent="Mozilla/5.0 (Macintosh; Intel Mac OS X 11_2_1) AppleWebKit/537.36 (KHTML, like Gecko) Chrome/89.0.4389.114 Safari/537.36" DataSize=1700 HostName=baijinxuandeMacBook-Pro.local Ip="::1" Method=GET Path="/api/v1/users?pagenum=1" SpendTime="1 ms" status=200
time="2021-04-12T20:53:49+08:00" level=info Agent="Mozilla/5.0 (Macintosh; Intel Mac OS X 11_2_1) AppleWebKit/537.36 (KHTML, like Gecko) Chrome/89.0.4389.114 Safari/537.36" DataSize=1700 HostName=baijinxuandeMacBook-Pro.local Ip="::1" Method=GET Path="/api/v1/users?pagenum=1" SpendTime="1 ms" status=200
time="2021-04-12T20:53:50+08:00" level=info Agent="Mozilla/5.0 (Macintosh; Intel Mac OS X 11_2_1) AppleWebKit/537.36 (KHTML, like Gecko) Chrome/89.0.4389.114 Safari/537.36" DataSize=1700 HostName=baijinxuandeMacBook-Pro.local Ip="::1" Method=GET Path="/api/v1/users?pagenum=1" SpendTime="1 ms" status=200
time="2021-04-12T20:53:59+08:00" level=info Agent="Mozilla/5.0 (Macintosh; Intel Mac OS X 11_2_1) AppleWebKit/537.36 (KHTML, like Gecko) Chrome/89.0.4389.114 Safari/537.36" DataSize=1700 HostName=baijinxuandeMacBook-Pro.local Ip="::1" Method=GET Path="/api/v1/users?pagenum=1" SpendTime="4 ms" status=200
time="2021-04-12T20:54:00+08:00" level=info Agent="Mozilla/5.0 (Macintosh; Intel Mac OS X 11_2_1) AppleWebKit/537.36 (KHTML, like Gecko) Chrome/89.0.4389.114 Safari/537.36" DataSize=1700 HostName=baijinxuandeMacBook-Pro.local Ip="::1" Method=GET Path="/api/v1/users?pagenum=1" SpendTime="1 ms" status=200
time="2021-04-12T20:54:01+08:00" level=info Agent="Mozilla/5.0 (Macintosh; Intel Mac OS X 11_2_1) AppleWebKit/537.36 (KHTML, like Gecko) Chrome/89.0.4389.114 Safari/537.36" DataSize=1700 HostName=baijinxuandeMacBook-Pro.local Ip="::1" Method=GET Path="/api/v1/users?pagenum=1" SpendTime="1 ms" status=200
time="2021-04-12T20:54:01+08:00" level=info Agent="Mozilla/5.0 (Macintosh; Intel Mac OS X 11_2_1) AppleWebKit/537.36 (KHTML, like Gecko) Chrome/89.0.4389.114 Safari/537.36" DataSize=1700 HostName=baijinxuandeMacBook-Pro.local Ip="::1" Method=GET Path="/api/v1/users?pagenum=1" SpendTime="1 ms" status=200
time="2021-04-12T20:54:02+08:00" level=info Agent="Mozilla/5.0 (Macintosh; Intel Mac OS X 11_2_1) AppleWebKit/537.36 (KHTML, like Gecko) Chrome/89.0.4389.114 Safari/537.36" DataSize=1700 HostName=baijinxuandeMacBook-Pro.local Ip="::1" Method=GET Path="/api/v1/users?pagenum=1" SpendTime="1 ms" status=200
time="2021-04-12T20:54:04+08:00" level=info Agent="Mozilla/5.0 (Macintosh; Intel Mac OS X 11_2_1) AppleWebKit/537.36 (KHTML, like Gecko) Chrome/89.0.4389.114 Safari/537.36" DataSize=1700 HostName=baijinxuandeMacBook-Pro.local Ip="::1" Method=GET Path="/api/v1/users?pagenum=1" SpendTime="1 ms" status=200
time="2021-04-12T20:54:21+08:00" level=info Agent="Mozilla/5.0 (Macintosh; Intel Mac OS X 11_2_1) AppleWebKit/537.36 (KHTML, like Gecko) Chrome/89.0.4389.114 Safari/537.36" DataSize=1700 HostName=baijinxuandeMacBook-Pro.local Ip="::1" Method=GET Path="/api/v1/users?pagenum=1" SpendTime="34 ms" status=200
time="2021-04-12T20:54:24+08:00" level=info Agent="Mozilla/5.0 (Macintosh; Intel Mac OS X 11_2_1) AppleWebKit/537.36 (KHTML, like Gecko) Chrome/89.0.4389.114 Safari/537.36" DataSize=1700 HostName=baijinxuandeMacBook-Pro.local Ip="::1" Method=GET Path="/api/v1/users?pagenum=1" SpendTime="1 ms" status=200
time="2021-04-12T20:54:25+08:00" level=info Agent="Mozilla/5.0 (Macintosh; Intel Mac OS X 11_2_1) AppleWebKit/537.36 (KHTML, like Gecko) Chrome/89.0.4389.114 Safari/537.36" DataSize=1700 HostName=baijinxuandeMacBook-Pro.local Ip="::1" Method=GET Path="/api/v1/users?pagenum=1" SpendTime="1 ms" status=200
time="2021-04-12T20:54:25+08:00" level=info Agent="Mozilla/5.0 (Macintosh; Intel Mac OS X 11_2_1) AppleWebKit/537.36 (KHTML, like Gecko) Chrome/89.0.4389.114 Safari/537.36" DataSize=1700 HostName=baijinxuandeMacBook-Pro.local Ip="::1" Method=GET Path="/api/v1/users?pagenum=1" SpendTime="1 ms" status=200
time="2021-04-12T20:54:26+08:00" level=info Agent="Mozilla/5.0 (Macintosh; Intel Mac OS X 11_2_1) AppleWebKit/537.36 (KHTML, like Gecko) Chrome/89.0.4389.114 Safari/537.36" DataSize=1700 HostName=baijinxuandeMacBook-Pro.local Ip="::1" Method=GET Path="/api/v1/users?pagenum=1" SpendTime="1 ms" status=200
time="2021-04-12T20:54:26+08:00" level=info Agent="Mozilla/5.0 (Macintosh; Intel Mac OS X 11_2_1) AppleWebKit/537.36 (KHTML, like Gecko) Chrome/89.0.4389.114 Safari/537.36" DataSize=1700 HostName=baijinxuandeMacBook-Pro.local Ip="::1" Method=GET Path="/api/v1/users?pagenum=1" SpendTime="1 ms" status=200
time="2021-04-12T20:54:27+08:00" level=info Agent="Mozilla/5.0 (Macintosh; Intel Mac OS X 11_2_1) AppleWebKit/537.36 (KHTML, like Gecko) Chrome/89.0.4389.114 Safari/537.36" DataSize=1700 HostName=baijinxuandeMacBook-Pro.local Ip="::1" Method=GET Path="/api/v1/users?pagenum=1" SpendTime="1 ms" status=200
time="2021-04-12T20:54:27+08:00" level=info Agent="Mozilla/5.0 (Macintosh; Intel Mac OS X 11_2_1) AppleWebKit/537.36 (KHTML, like Gecko) Chrome/89.0.4389.114 Safari/537.36" DataSize=1700 HostName=baijinxuandeMacBook-Pro.local Ip="::1" Method=GET Path="/api/v1/users?pagenum=1" SpendTime="1 ms" status=200
time="2021-04-12T20:54:28+08:00" level=info Agent="Mozilla/5.0 (Macintosh; Intel Mac OS X 11_2_1) AppleWebKit/537.36 (KHTML, like Gecko) Chrome/89.0.4389.114 Safari/537.36" DataSize=1700 HostName=baijinxuandeMacBook-Pro.local Ip="::1" Method=GET Path="/api/v1/users?pagenum=1" SpendTime="1 ms" status=200
time="2021-04-12T20:54:29+08:00" level=info Agent="Mozilla/5.0 (Macintosh; Intel Mac OS X 11_2_1) AppleWebKit/537.36 (KHTML, like Gecko) Chrome/89.0.4389.114 Safari/537.36" DataSize=1700 HostName=baijinxuandeMacBook-Pro.local Ip="::1" Method=GET Path="/api/v1/users?pagenum=1" SpendTime="1 ms" status=200
time="2021-04-12T20:55:27+08:00" level=info Agent="Mozilla/5.0 (Macintosh; Intel Mac OS X 11_2_1) AppleWebKit/537.36 (KHTML, like Gecko) Chrome/89.0.4389.114 Safari/537.36" DataSize=1700 HostName=baijinxuandeMacBook-Pro.local Ip="::1" Method=GET Path="/api/v1/users?pagenum=1" SpendTime="32 ms" status=200
time="2021-04-12T20:55:28+08:00" level=info Agent="Mozilla/5.0 (Macintosh; Intel Mac OS X 11_2_1) AppleWebKit/537.36 (KHTML, like Gecko) Chrome/89.0.4389.114 Safari/537.36" DataSize=1700 HostName=baijinxuandeMacBook-Pro.local Ip="::1" Method=GET Path="/api/v1/users?pagenum=1" SpendTime="1 ms" status=200
time="2021-04-12T21:24:28+08:00" level=info Agent="Mozilla/5.0 (Macintosh; Intel Mac OS X 11_2_1) AppleWebKit/537.36 (KHTML, like Gecko) Chrome/89.0.4389.114 Safari/537.36" DataSize=1700 HostName=baijinxuandeMacBook-Pro.local Ip="::1" Method=GET Path="/api/v1/users?pagenum=1" SpendTime="82 ms" status=200
time="2021-04-12T21:25:42+08:00" level=info Agent="Mozilla/5.0 (Macintosh; Intel Mac OS X 11_2_1) AppleWebKit/537.36 (KHTML, like Gecko) Chrome/89.0.4389.114 Safari/537.36" DataSize=1700 HostName=baijinxuandeMacBook-Pro.local Ip="::1" Method=GET Path="/api/v1/users?pagenum=1" SpendTime="154 ms" status=200
time="2021-04-12T21:33:12+08:00" level=info Agent="Mozilla/5.0 (Macintosh; Intel Mac OS X 11_2_1) AppleWebKit/537.36 (KHTML, like Gecko) Chrome/89.0.4389.114 Safari/537.36" DataSize=1700 HostName=baijinxuandeMacBook-Pro.local Ip="::1" Method=GET Path="/api/v1/users?pagenum=1" SpendTime="123 ms" status=200
time="2021-04-12T21:33:35+08:00" level=info Agent="Mozilla/5.0 (Macintosh; Intel Mac OS X 11_2_1) AppleWebKit/537.36 (KHTML, like Gecko) Chrome/89.0.4389.114 Safari/537.36" DataSize=1700 HostName=baijinxuandeMacBook-Pro.local Ip="::1" Method=GET Path="/api/v1/users?pagenum=1" SpendTime="74 ms" status=200
time="2021-04-12T21:33:38+08:00" level=info Agent="Mozilla/5.0 (Macintosh; Intel Mac OS X 11_2_1) AppleWebKit/537.36 (KHTML, like Gecko) Chrome/89.0.4389.114 Safari/537.36" DataSize=1700 HostName=baijinxuandeMacBook-Pro.local Ip="::1" Method=GET Path="/api/v1/users?pagenum=1" SpendTime="1 ms" status=200
time="2021-04-12T21:33:44+08:00" level=info Agent="Mozilla/5.0 (Macintosh; Intel Mac OS X 11_2_1) AppleWebKit/537.36 (KHTML, like Gecko) Chrome/89.0.4389.114 Safari/537.36" DataSize=1700 HostName=baijinxuandeMacBook-Pro.local Ip="::1" Method=GET Path="/api/v1/users?pagenum=1" SpendTime="1 ms" status=200
time="2021-04-12T21:33:45+08:00" level=info Agent="Mozilla/5.0 (Macintosh; Intel Mac OS X 11_2_1) AppleWebKit/537.36 (KHTML, like Gecko) Chrome/89.0.4389.114 Safari/537.36" DataSize=1700 HostName=baijinxuandeMacBook-Pro.local Ip="::1" Method=GET Path="/api/v1/users?pagenum=1" SpendTime="5 ms" status=200
time="2021-04-12T21:33:46+08:00" level=info Agent="Mozilla/5.0 (Macintosh; Intel Mac OS X 11_2_1) AppleWebKit/537.36 (KHTML, like Gecko) Chrome/89.0.4389.114 Safari/537.36" DataSize=1700 HostName=baijinxuandeMacBook-Pro.local Ip="::1" Method=GET Path="/api/v1/users?pagenum=1" SpendTime="1 ms" status=200
time="2021-04-12T21:33:47+08:00" level=info Agent="Mozilla/5.0 (Macintosh; Intel Mac OS X 11_2_1) AppleWebKit/537.36 (KHTML, like Gecko) Chrome/89.0.4389.114 Safari/537.36" DataSize=1700 HostName=baijinxuandeMacBook-Pro.local Ip="::1" Method=GET Path="/api/v1/users?pagenum=1" SpendTime="1 ms" status=200
time="2021-04-12T21:33:51+08:00" level=info Agent="Mozilla/5.0 (Macintosh; Intel Mac OS X 11_2_1) AppleWebKit/537.36 (KHTML, like Gecko) Chrome/89.0.4389.114 Safari/537.36" DataSize=1700 HostName=baijinxuandeMacBook-Pro.local Ip="::1" Method=GET Path="/api/v1/users?pagenum=1" SpendTime="1 ms" status=200
time="2021-04-12T21:33:52+08:00" level=info Agent="Mozilla/5.0 (Macintosh; Intel Mac OS X 11_2_1) AppleWebKit/537.36 (KHTML, like Gecko) Chrome/89.0.4389.114 Safari/537.36" DataSize=1700 HostName=baijinxuandeMacBook-Pro.local Ip="::1" Method=GET Path="/api/v1/users?pagenum=1" SpendTime="1 ms" status=200
time="2021-04-12T21:48:56+08:00" level=info Agent="Mozilla/5.0 (Macintosh; Intel Mac OS X 11_2_1) AppleWebKit/537.36 (KHTML, like Gecko) Chrome/89.0.4389.114 Safari/537.36" DataSize=1700 HostName=baijinxuandeMBP Ip="::1" Method=GET Path="/api/v1/users?pagenum=1" SpendTime="194 ms" status=200
time="2021-04-12T21:50:01+08:00" level=info Agent="Mozilla/5.0 (Macintosh; Intel Mac OS X 11_2_1) AppleWebKit/537.36 (KHTML, like Gecko) Chrome/89.0.4389.114 Safari/537.36" DataSize=1700 HostName=baijinxuandeMBP Ip="::1" Method=GET Path="/api/v1/users?pagenum=1" SpendTime="16 ms" status=200
